Running: fuse.exe -relaunch -intstyle "ise" -incremental -lib "unisims_ver" -lib "unimacro_ver" -lib "xilinxcorelib_ver" -lib "secureip" -o "C:/Users/lirui/Desktop/lr/interrupt_pcpu/SCCPU_t_isim_beh.exe" -prj "C:/Users/lirui/Desktop/lr/interrupt_pcpu/SCCPU_t_beh.prj" "work.SCCPU_t" "work.glbl" 
ISim P.20131013 (signature 0x7708f090)
Number of CPUs detected in this system: 8
Turning on mult-threading, number of parallel sub-compilation jobs: 16 
Determining compilation order of HDL files
Analyzing Verilog file "C:/Users/lirui/Desktop/lr/interrupt_pcpu/remote_sources/_/SCCPU/Regfile.v" into library work
Analyzing Verilog file "C:/Users/lirui/Desktop/lr/interrupt_pcpu/remote_sources/_/SCCPU/mux5_2_1.v" into library work
Analyzing Verilog file "C:/Users/lirui/Desktop/lr/interrupt_pcpu/remote_sources/_/SCCPU/mux32_4_1.v" into library work
Analyzing Verilog file "C:/Users/lirui/Desktop/lr/interrupt_pcpu/remote_sources/_/SCCPU/mux32_2_1.v" into library work
Analyzing Verilog file "C:/Users/lirui/Desktop/lr/interrupt_pcpu/remote_sources/_/SCCPU/Inst_ROM.v" into library work
Analyzing Verilog file "C:/Users/lirui/Desktop/lr/interrupt_pcpu/remote_sources/_/SCCPU/dff32.v" into library work
Analyzing Verilog file "C:/Users/lirui/Desktop/lr/interrupt_pcpu/remote_sources/_/SCCPU/Control_Unit.v" into library work
Analyzing Verilog file "C:/Users/lirui/Desktop/lr/interrupt_pcpu/remote_sources/_/SCCPU/alu.v" into library work
Analyzing Verilog file "C:/Users/lirui/Desktop/lr/interrupt_pcpu/remote_sources/_/SCCPU/add32.v" into library work
Analyzing Verilog file "C:/Users/lirui/Desktop/lr/interrupt_pcpu/dff32e.v" into library work
Analyzing Verilog file "C:/Users/lirui/Desktop/lr/interrupt_pcpu/Stall.v" into library work
Analyzing Verilog file "C:/Users/lirui/Desktop/lr/interrupt_pcpu/remote_sources/_/SCCPU/WB_STAGE.v" into library work
Analyzing Verilog file "C:/Users/lirui/Desktop/lr/interrupt_pcpu/remote_sources/_/SCCPU/MEM_STAGE.v" into library work
Analyzing Verilog file "C:/Users/lirui/Desktop/lr/interrupt_pcpu/remote_sources/_/SCCPU/IF_STAGE.v" into library work
Analyzing Verilog file "C:/Users/lirui/Desktop/lr/interrupt_pcpu/remote_sources/_/SCCPU/ID_STAGE.v" into library work
Analyzing Verilog file "C:/Users/lirui/Desktop/lr/interrupt_pcpu/remote_sources/_/SCCPU/EXE_STAGE.v" into library work
Analyzing Verilog file "C:/Users/lirui/Desktop/lr/interrupt_pcpu/MEM_WB.v" into library work
Analyzing Verilog file "C:/Users/lirui/Desktop/lr/interrupt_pcpu/IF_ID.v" into library work
Analyzing Verilog file "C:/Users/lirui/Desktop/lr/interrupt_pcpu/ID_EXE.v" into library work
Analyzing Verilog file "C:/Users/lirui/Desktop/lr/interrupt_pcpu/FWD.v" into library work
Analyzing Verilog file "C:/Users/lirui/Desktop/lr/interrupt_pcpu/EXE_MEM.v" into library work
Analyzing Verilog file "C:/Users/lirui/Desktop/lr/interrupt_pcpu/remote_sources/_/SCCPU/SCCPU.v" into library work
Analyzing Verilog file "C:/Users/lirui/Desktop/lr/interrupt_pcpu/SCCPU_t.v" into library work
Analyzing Verilog file "C:/Xilinx/14.7/ISE_DS/ISE//verilog/src/glbl.v" into library work
Starting static elaboration
Completed static elaboration
Compiling module Stall
Compiling module FWD
Compiling module mux32_4_1
Compiling module dff32
Compiling module add32
Compiling module Inst_ROM
Compiling module IF_STAGE
Compiling module IF_ID
Compiling module dff32e
Compiling module mux32_2_1
Compiling module Control_Unit
Compiling module Regfile
Compiling module mux5_2_1
Compiling module ID_STAGE
Compiling module ID_EXE
Compiling module alu
Compiling module EXE_STAGE
Compiling module EXE_MEM
Compiling module MEM_STAGE
Compiling module MEM_WB
Compiling module WB_STAGE
Compiling module SCCPU
Compiling module SCCPU_t
Compiling module glbl
Time Resolution for simulation is 1ps.
Waiting for 1 sub-compilation(s) to finish...
Compiled 24 Verilog Units
Built simulation executable C:/Users/lirui/Desktop/lr/interrupt_pcpu/SCCPU_t_isim_beh.exe
Fuse Memory Usage: 34376 KB
Fuse CPU Usage: 343 ms
